[2022-06-07 23:14:40] local.ERROR: SQLSTATE[HY000]: General error: 1 table pets has no column named nome (SQL: insert into "pets" ("nome", "historia", "foto", "updated_at", "created_at") values (King, Um cachorrinho muito grandioso, https://meupet.elanco.com/sites/g/files/adhwdz661/files/styles/paragraph_image/public/2020-07/retrato_de_filhote_de_labrador_fofo_marrom.jpg?itok=RNIh9Vr1, 2022-06-07 23:14:37, 2022-06-07 23:14:37)) {"exception":"[object] (Illuminate\\Database\\QueryException(code: HY000): SQLSTATE[HY000]: General error: 1 table pets has no column named nome (SQL: insert into \"pets\" (\"nome\", \"historia\", \"foto\", \"updated_at\", \"created_at\") values (King, Um cachorrinho muito grandioso, https://meupet.elanco.com/sites/g/files/adhwdz661/files/styles/paragraph_image/public/2020-07/retrato_de_filhote_de_labrador_fofo_marrom.jpg?itok=RNIh9Vr1, 2022-06-07 23:14:37, 2022-06-07 23:14:37)) at C:\\Users\\CarlosNeto\\Documents\\multi-stack\\adote-um-pet\\vendor\\laravel\\framework\\src\\Illuminate\\Database\\Connection.php:742)
[stacktrace]
#0 C:\\Users\\CarlosNeto\\Documents\\multi-stack\\adote-um-pet\\vendor\\laravel\\framework\\src\\Illuminate\\Database\\Connection.php(702): Illuminate\\Database\\Connection->runQueryCallback('insert into \"pe...', Array, Object(Closure))
#1 C:\\Users\\CarlosNeto\\Documents\\multi-stack\\adote-um-pet\\vendor\\laravel\\framework\\src\\Illuminate\\Database\\Connection.php(528): Illuminate\\Database\\Connection->run('insert into \"pe...', Array, Object(Closure))
#2 C:\\Users\\CarlosNeto\\Documents\\multi-stack\\adote-um-pet\\vendor\\laravel\\framework\\src\\Illuminate\\Database\\Connection.php(480): Illuminate\\Database\\Connection->statement('insert into \"pe...', Array)
#3 C:\\Users\\CarlosNeto\\Documents\\multi-stack\\adote-um-pet\\vendor\\laravel\\framework\\src\\Illuminate\\Database\\Query\\Processors\\Processor.php(32): Illuminate\\Database\\Connection->insert('insert into \"pe...', Array)
#4 C:\\Users\\CarlosNeto\\Documents\\multi-stack\\adote-um-pet\\vendor\\laravel\\framework\\src\\Illuminate\\Database\\Query\\Builder.php(3246): Illuminate\\Database\\Query\\Processors\\Processor->processInsertGetId(Object(Illuminate\\Database\\Query\\Builder), 'insert into \"pe...', Array, 'id')
#5 C:\\Users\\CarlosNeto\\Documents\\multi-stack\\adote-um-pet\\vendor\\laravel\\framework\\src\\Illuminate\\Database\\Eloquent\\Builder.php(1745): Illuminate\\Database\\Query\\Builder->insertGetId(Array, 'id')
#6 C:\\Users\\CarlosNeto\\Documents\\multi-stack\\adote-um-pet\\vendor\\laravel\\framework\\src\\Illuminate\\Database\\Eloquent\\Model.php(1220): Illuminate\\Database\\Eloquent\\Builder->__call('insertGetId', Array)
#7 C:\\Users\\CarlosNeto\\Documents\\multi-stack\\adote-um-pet\\vendor\\laravel\\framework\\src\\Illuminate\\Database\\Eloquent\\Model.php(1185): Illuminate\\Database\\Eloquent\\Model->insertAndSetId(Object(Illuminate\\Database\\Eloquent\\Builder), Array)
#8 C:\\Users\\CarlosNeto\\Documents\\multi-stack\\adote-um-pet\\vendor\\laravel\\framework\\src\\Illuminate\\Database\\Eloquent\\Model.php(1026): Illuminate\\Database\\Eloquent\\Model->performInsert(Object(Illuminate\\Database\\Eloquent\\Builder))
#9 C:\\Users\\CarlosNeto\\Documents\\multi-stack\\adote-um-pet\\vendor\\laravel\\framework\\src\\Illuminate\\Database\\Eloquent\\Builder.php(974): Illuminate\\Database\\Eloquent\\Model->save()
#10 C:\\Users\\CarlosNeto\\Documents\\multi-stack\\adote-um-pet\\vendor\\laravel\\framework\\src\\Illuminate\\Support\\helpers.php(302): Illuminate\\Database\\Eloquent\\Builder->Illuminate\\Database\\Eloquent\\{closure}(Object(App\\Models\\Pet))
#11 C:\\Users\\CarlosNeto\\Documents\\multi-stack\\adote-um-pet\\vendor\\laravel\\framework\\src\\Illuminate\\Database\\Eloquent\\Builder.php(975): tap(Object(App\\Models\\Pet), Object(Closure))
#12 C:\\Users\\CarlosNeto\\Documents\\multi-stack\\adote-um-pet\\vendor\\laravel\\framework\\src\\Illuminate\\Support\\Traits\\ForwardsCalls.php(23): Illuminate\\Database\\Eloquent\\Builder->create(Array)
#13 C:\\Users\\CarlosNeto\\Documents\\multi-stack\\adote-um-pet\\vendor\\laravel\\framework\\src\\Illuminate\\Database\\Eloquent\\Model.php(2163): Illuminate\\Database\\Eloquent\\Model->forwardCallTo(Object(Illuminate\\Database\\Eloquent\\Builder), 'create', Array)
#14 C:\\Users\\CarlosNeto\\Documents\\multi-stack\\adote-um-pet\\vendor\\laravel\\framework\\src\\Illuminate\\Database\\Eloquent\\Model.php(2175): Illuminate\\Database\\Eloquent\\Model->__call('create', Array)
#15 C:\\Users\\CarlosNeto\\Documents\\multi-stack\\adote-um-pet\\app\\Http\\Controllers\\PetController.php(20): Illuminate\\Database\\Eloquent\\Model::__callStatic('create', Array)
#16 C:\\Users\\CarlosNeto\\Documents\\multi-stack\\adote-um-pet\\vendor\\laravel\\framework\\src\\Illuminate\\Routing\\Controller.php(54): App\\Http\\Controllers\\PetController->store(Object(Illuminate\\Http\\Request))
#17 C:\\Users\\CarlosNeto\\Documents\\multi-stack\\adote-um-pet\\vendor\\laravel\\framework\\src\\Illuminate\\Routing\\ControllerDispatcher.php(45): Illuminate\\Routing\\Controller->callAction('store', Array)
#18 C:\\Users\\CarlosNeto\\Documents\\multi-stack\\adote-um-pet\\vendor\\laravel\\framework\\src\\Illuminate\\Routing\\Route.php(261): Illuminate\\Routing\\ControllerDispatcher->dispatch(Object(Illuminate\\Routing\\Route), Object(App\\Http\\Controllers\\PetController), 'store')
#19 C:\\Users\\CarlosNeto\\Documents\\multi-stack\\adote-um-pet\\vendor\\laravel\\framework\\src\\Illuminate\\Routing\\Route.php(204): Illuminate\\Routing\\Route->runController()
#20 C:\\Users\\CarlosNeto\\Documents\\multi-stack\\adote-um-pet\\vendor\\laravel\\framework\\src\\Illuminate\\Routing\\Router.php(725): Illuminate\\Routing\\Route->run()
#21 C:\\Users\\CarlosNeto\\Documents\\multi-stack\\adote-um-pet\\vendor\\laravel\\framework\\src\\Illuminate\\Pipeline\\Pipeline.php(141): Illuminate\\Routing\\Router->Illuminate\\Routing\\{closure}(Object(Illuminate\\Http\\Request))
#22 C:\\Users\\CarlosNeto\\Documents\\multi-stack\\adote-um-pet\\vendor\\laravel\\framework\\src\\Illuminate\\Routing\\Middleware\\SubstituteBindings.php(50): Illuminate\\Pipeline\\Pipeline->Illuminate\\Pipeline\\{closure}(Object(Illuminate\\Http\\Request))
#23 C:\\Users\\CarlosNeto\\Documents\\multi-stack\\adote-um-pet\\vendor\\laravel\\framework\\src\\Illuminate\\Pipeline\\Pipeline.php(180): Illuminate\\Routing\\Middleware\\SubstituteBindings->handle(Object(Illuminate\\Http\\Request), Object(Closure))
#24 C:\\Users\\CarlosNeto\\Documents\\multi-stack\\adote-um-pet\\vendor\\laravel\\framework\\src\\Illuminate\\Routing\\Middleware\\ThrottleRequests.php(126): Illuminate\\Pipeline\\Pipeline->Illuminate\\Pipeline\\{closure}(Object(Illuminate\\Http\\Request))
#25 C:\\Users\\CarlosNeto\\Documents\\multi-stack\\adote-um-pet\\vendor\\laravel\\framework\\src\\Illuminate\\Routing\\Middleware\\ThrottleRequests.php(102): Illuminate\\Routing\\Middleware\\ThrottleRequests->handleRequest(Object(Illuminate\\Http\\Request), Object(Closure), Array)
#26 C:\\Users\\CarlosNeto\\Documents\\multi-stack\\adote-um-pet\\vendor\\laravel\\framework\\src\\Illuminate\\Routing\\Middleware\\ThrottleRequests.php(54): Illuminate\\Routing\\Middleware\\ThrottleRequests->handleRequestUsingNamedLimiter(Object(Illuminate\\Http\\Request), Object(Closure), 'api', Object(Closure))
#27 C:\\Users\\CarlosNeto\\Documents\\multi-stack\\adote-um-pet\\vendor\\laravel\\framework\\src\\Illuminate\\Pipeline\\Pipeline.php(180): Illuminate\\Routing\\Middleware\\ThrottleRequests->handle(Object(Illuminate\\Http\\Request), Object(Closure), 'api')
#28 C:\\Users\\CarlosNeto\\Documents\\multi-stack\\adote-um-pet\\vendor\\laravel\\framework\\src\\Illuminate\\Pipeline\\Pipeline.php(116): Illuminate\\Pipeline\\Pipeline->Illuminate\\Pipeline\\{closure}(Object(Illuminate\\Http\\Request))
#29 C:\\Users\\CarlosNeto\\Documents\\multi-stack\\adote-um-pet\\vendor\\laravel\\framework\\src\\Illuminate\\Routing\\Router.php(726): Illuminate\\Pipeline\\Pipeline->then(Object(Closure))
#30 C:\\Users\\CarlosNeto\\Documents\\multi-stack\\adote-um-pet\\vendor\\laravel\\framework\\src\\Illuminate\\Routing\\Router.php(703): Illuminate\\Routing\\Router->runRouteWithinStack(Object(Illuminate\\Routing\\Route), Object(Illuminate\\Http\\Request))
#31 C:\\Users\\CarlosNeto\\Documents\\multi-stack\\adote-um-pet\\vendor\\laravel\\framework\\src\\Illuminate\\Routing\\Router.php(667): Illuminate\\Routing\\Router->runRoute(Object(Illuminate\\Http\\Request), Object(Illuminate\\Routing\\Route))
#32 C:\\Users\\CarlosNeto\\Documents\\multi-stack\\adote-um-pet\\vendor\\laravel\\framework\\src\\Illuminate\\Routing\\Router.php(656): Illuminate\\Routing\\Router->dispatchToRoute(Object(Illuminate\\Http\\Request))
#33 C:\\Users\\CarlosNeto\\Documents\\multi-stack\\adote-um-pet\\vendor\\laravel\\framework\\src\\Illuminate\\Foundation\\Http\\Kernel.php(167): Illuminate\\Routing\\Router->dispatch(Object(Illuminate\\Http\\Request))
#34 C:\\Users\\CarlosNeto\\Documents\\multi-stack\\adote-um-pet\\vendor\\laravel\\framework\\src\\Illuminate\\Pipeline\\Pipeline.php(141): Illuminate\\Foundation\\Http\\Kernel->Illuminate\\Foundation\\Http\\{closure}(Object(Illuminate\\Http\\Request))
#35 C:\\Users\\CarlosNeto\\Documents\\multi-stack\\adote-um-pet\\vendor\\laravel\\framework\\src\\Illuminate\\Foundation\\Http\\Middleware\\TransformsRequest.php(21): Illuminate\\Pipeline\\Pipeline->Illuminate\\Pipeline\\{closure}(Object(Illuminate\\Http\\Request))
#36 C:\\Users\\CarlosNeto\\Documents\\multi-stack\\adote-um-pet\\vendor\\laravel\\framework\\src\\Illuminate\\Foundation\\Http\\Middleware\\ConvertEmptyStringsToNull.php(31): Illuminate\\Foundation\\Http\\Middleware\\TransformsRequest->handle(Object(Illuminate\\Http\\Request), Object(Closure))
#37 C:\\Users\\CarlosNeto\\Documents\\multi-stack\\adote-um-pet\\vendor\\laravel\\framework\\src\\Illuminate\\Pipeline\\Pipeline.php(180): Illuminate\\Foundation\\Http\\Middleware\\ConvertEmptyStringsToNull->handle(Object(Illuminate\\Http\\Request), Object(Closure))
#38 C:\\Users\\CarlosNeto\\Documents\\multi-stack\\adote-um-pet\\vendor\\laravel\\framework\\src\\Illuminate\\Foundation\\Http\\Middleware\\TransformsRequest.php(21): Illuminate\\Pipeline\\Pipeline->Illuminate\\Pipeline\\{closure}(Object(Illuminate\\Http\\Request))
#39 C:\\Users\\CarlosNeto\\Documents\\multi-stack\\adote-um-pet\\vendor\\laravel\\framework\\src\\Illuminate\\Foundation\\Http\\Middleware\\TrimStrings.php(40): Illuminate\\Foundation\\Http\\Middleware\\TransformsRequest->handle(Object(Illuminate\\Http\\Request), Object(Closure))
#40 C:\\Users\\CarlosNeto\\Documents\\multi-stack\\adote-um-pet\\vendor\\laravel\\framework\\src\\Illuminate\\Pipeline\\Pipeline.php(180): Illuminate\\Foundation\\Http\\Middleware\\TrimStrings->handle(Object(Illuminate\\Http\\Request), Object(Closure))
#41 C:\\Users\\CarlosNeto\\Documents\\multi-stack\\adote-um-pet\\vendor\\laravel\\framework\\src\\Illuminate\\Foundation\\Http\\Middleware\\ValidatePostSize.php(27): Illuminate\\Pipeline\\Pipeline->Illuminate\\Pipeline\\{closure}(Object(Illuminate\\Http\\Request))
#42 C:\\Users\\CarlosNeto\\Documents\\multi-stack\\adote-um-pet\\vendor\\laravel\\framework\\src\\Illuminate\\Pipeline\\Pipeline.php(180): Illuminate\\Foundation\\Http\\Middleware\\ValidatePostSize->handle(Object(Illuminate\\Http\\Request), Object(Closure))
#43 C:\\Users\\CarlosNeto\\Documents\\multi-stack\\adote-um-pet\\vendor\\laravel\\framework\\src\\Illuminate\\Foundation\\Http\\Middleware\\PreventRequestsDuringMaintenance.php(86): Illuminate\\Pipeline\\Pipeline->Illuminate\\Pipeline\\{closure}(Object(Illuminate\\Http\\Request))
#44 C:\\Users\\CarlosNeto\\Documents\\multi-stack\\adote-um-pet\\vendor\\laravel\\framework\\src\\Illuminate\\Pipeline\\Pipeline.php(180): Illuminate\\Foundation\\Http\\Middleware\\PreventRequestsDuringMaintenance->handle(Object(Illuminate\\Http\\Request), Object(Closure))
#45 C:\\Users\\CarlosNeto\\Documents\\multi-stack\\adote-um-pet\\vendor\\laravel\\framework\\src\\Illuminate\\Http\\Middleware\\HandleCors.php(62): Illuminate\\Pipeline\\Pipeline->Illuminate\\Pipeline\\{closure}(Object(Illuminate\\Http\\Request))
#46 C:\\Users\\CarlosNeto\\Documents\\multi-stack\\adote-um-pet\\vendor\\laravel\\framework\\src\\Illuminate\\Pipeline\\Pipeline.php(180): Illuminate\\Http\\Middleware\\HandleCors->handle(Object(Illuminate\\Http\\Request), Object(Closure))
#47 C:\\Users\\CarlosNeto\\Documents\\multi-stack\\adote-um-pet\\vendor\\laravel\\framework\\src\\Illuminate\\Http\\Middleware\\TrustProxies.php(39): Illuminate\\Pipeline\\Pipeline->Illuminate\\Pipeline\\{closure}(Object(Illuminate\\Http\\Request))
#48 C:\\Users\\CarlosNeto\\Documents\\multi-stack\\adote-um-pet\\vendor\\laravel\\framework\\src\\Illuminate\\Pipeline\\Pipeline.php(180): Illuminate\\Http\\Middleware\\TrustProxies->handle(Object(Illuminate\\Http\\Request), Object(Closure))
#49 C:\\Users\\CarlosNeto\\Documents\\multi-stack\\adote-um-pet\\vendor\\laravel\\framework\\src\\Illuminate\\Pipeline\\Pipeline.php(116): Illuminate\\Pipeline\\Pipeline->Illuminate\\Pipeline\\{closure}(Object(Illuminate\\Http\\Request))
#50 C:\\Users\\CarlosNeto\\Documents\\multi-stack\\adote-um-pet\\vendor\\laravel\\framework\\src\\Illuminate\\Foundation\\Http\\Kernel.php(142): Illuminate\\Pipeline\\Pipeline->then(Object(Closure))
#51 C:\\Users\\CarlosNeto\\Documents\\multi-stack\\adote-um-pet\\vendor\\laravel\\framework\\src\\Illuminate\\Foundation\\Http\\Kernel.php(111): Illuminate\\Foundation\\Http\\Kernel->sendRequestThroughRouter(Object(Illuminate\\Http\\Request))
#52 C:\\Users\\CarlosNeto\\Documents\\multi-stack\\adote-um-pet\\public\\index.php(52): Illuminate\\Foundation\\Http\\Kernel->handle(Object(Illuminate\\Http\\Request))
#53 C:\\Users\\CarlosNeto\\Documents\\multi-stack\\adote-um-pet\\vendor\\laravel\\framework\\src\\Illuminate\\Foundation\esources\\server.php(16): require_once('C:\\\\Users\\\\Carlos...')
#54 {main}

[previous exception] [object] (PDOException(code: HY000): SQLSTATE[HY000]: General error: 1 table pets has no column named nome at C:\\Users\\CarlosNeto\\Documents\\multi-stack\\adote-um-pet\\vendor\\laravel\\framework\\src\\Illuminate\\Database\\Connection.php:521)
[stacktrace]
#0 C:\\Users\\CarlosNeto\\Documents\\multi-stack\\adote-um-pet\\vendor\\laravel\\framework\\src\\Illuminate\\Database\\Connection.php(521): PDO->prepare('insert into \"pe...')
#1 C:\\Users\\CarlosNeto\\Documents\\multi-stack\\adote-um-pet\\vendor\\laravel\\framework\\src\\Illuminate\\Database\\Connection.php(735): Illuminate\\Database\\Connection->Illuminate\\Database\\{closure}('insert into \"pe...', Array)
#2 C:\\Users\\CarlosNeto\\Documents\\multi-stack\\adote-um-pet\\vendor\\laravel\\framework\\src\\Illuminate\\Database\\Connection.php(702): Illuminate\\Database\\Connection->runQueryCallback('insert into \"pe...', Array, Object(Closure))
#3 C:\\Users\\CarlosNeto\\Documents\\multi-stack\\adote-um-pet\\vendor\\laravel\\framework\\src\\Illuminate\\Database\\Connection.php(528): Illuminate\\Database\\Connection->run('insert into \"pe...', Array, Object(Closure))
#4 C:\\Users\\CarlosNeto\\Documents\\multi-stack\\adote-um-pet\\vendor\\laravel\\framework\\src\\Illuminate\\Database\\Connection.php(480): Illuminate\\Database\\Connection->statement('insert into \"pe...', Array)
#5 C:\\Users\\CarlosNeto\\Documents\\multi-stack\\adote-um-pet\\vendor\\laravel\\framework\\src\\Illuminate\\Database\\Query\\Processors\\Processor.php(32): Illuminate\\Database\\Connection->insert('insert into \"pe...', Array)
#6 C:\\Users\\CarlosNeto\\Documents\\multi-stack\\adote-um-pet\\vendor\\laravel\\framework\\src\\Illuminate\\Database\\Query\\Builder.php(3246): Illuminate\\Database\\Query\\Processors\\Processor->processInsertGetId(Object(Illuminate\\Database\\Query\\Builder), 'insert into \"pe...', Array, 'id')
#7 C:\\Users\\CarlosNeto\\Documents\\multi-stack\\adote-um-pet\\vendor\\laravel\\framework\\src\\Illuminate\\Database\\Eloquent\\Builder.php(1745): Illuminate\\Database\\Query\\Builder->insertGetId(Array, 'id')
#8 C:\\Users\\CarlosNeto\\Documents\\multi-stack\\adote-um-pet\\vendor\\laravel\\framework\\src\\Illuminate\\Database\\Eloquent\\Model.php(1220): Illuminate\\Database\\Eloquent\\Builder->__call('insertGetId', Array)
#9 C:\\Users\\CarlosNeto\\Documents\\multi-stack\\adote-um-pet\\vendor\\laravel\\framework\\src\\Illuminate\\Database\\Eloquent\\Model.php(1185): Illuminate\\Database\\Eloquent\\Model->insertAndSetId(Object(Illuminate\\Database\\Eloquent\\Builder), Array)
#10 C:\\Users\\CarlosNeto\\Documents\\multi-stack\\adote-um-pet\\vendor\\laravel\\framework\\src\\Illuminate\\Database\\Eloquent\\Model.php(1026): Illuminate\\Database\\Eloquent\\Model->performInsert(Object(Illuminate\\Database\\Eloquent\\Builder))
#11 C:\\Users\\CarlosNeto\\Documents\\multi-stack\\adote-um-pet\\vendor\\laravel\\framework\\src\\Illuminate\\Database\\Eloquent\\Builder.php(974): Illuminate\\Database\\Eloquent\\Model->save()
#12 C:\\Users\\CarlosNeto\\Documents\\multi-stack\\adote-um-pet\\vendor\\laravel\\framework\\src\\Illuminate\\Support\\helpers.php(302): Illuminate\\Database\\Eloquent\\Builder->Illuminate\\Database\\Eloquent\\{closure}(Object(App\\Models\\Pet))
#13 C:\\Users\\CarlosNeto\\Documents\\multi-stack\\adote-um-pet\\vendor\\laravel\\framework\\src\\Illuminate\\Database\\Eloquent\\Builder.php(975): tap(Object(App\\Models\\Pet), Object(Closure))
#14 C:\\Users\\CarlosNeto\\Documents\\multi-stack\\adote-um-pet\\vendor\\laravel\\framework\\src\\Illuminate\\Support\\Traits\\ForwardsCalls.php(23): Illuminate\\Database\\Eloquent\\Builder->create(Array)
#15 C:\\Users\\CarlosNeto\\Documents\\multi-stack\\adote-um-pet\\vendor\\laravel\\framework\\src\\Illuminate\\Database\\Eloquent\\Model.php(2163): Illuminate\\Database\\Eloquent\\Model->forwardCallTo(Object(Illuminate\\Database\\Eloquent\\Builder), 'create', Array)
#16 C:\\Users\\CarlosNeto\\Documents\\multi-stack\\adote-um-pet\\vendor\\laravel\\framework\\src\\Illuminate\\Database\\Eloquent\\Model.php(2175): Illuminate\\Database\\Eloquent\\Model->__call('create', Array)
#17 C:\\Users\\CarlosNeto\\Documents\\multi-stack\\adote-um-pet\\app\\Http\\Controllers\\PetController.php(20): Illuminate\\Database\\Eloquent\\Model::__callStatic('create', Array)
#18 C:\\Users\\CarlosNeto\\Documents\\multi-stack\\adote-um-pet\\vendor\\laravel\\framework\\src\\Illuminate\\Routing\\Controller.php(54): App\\Http\\Controllers\\PetController->store(Object(Illuminate\\Http\\Request))
#19 C:\\Users\\CarlosNeto\\Documents\\multi-stack\\adote-um-pet\\vendor\\laravel\\framework\\src\\Illuminate\\Routing\\ControllerDispatcher.php(45): Illuminate\\Routing\\Controller->callAction('store', Array)
#20 C:\\Users\\CarlosNeto\\Documents\\multi-stack\\adote-um-pet\\vendor\\laravel\\framework\\src\\Illuminate\\Routing\\Route.php(261): Illuminate\\Routing\\ControllerDispatcher->dispatch(Object(Illuminate\\Routing\\Route), Object(App\\Http\\Controllers\\PetController), 'store')
#21 C:\\Users\\CarlosNeto\\Documents\\multi-stack\\adote-um-pet\\vendor\\laravel\\framework\\src\\Illuminate\\Routing\\Route.php(204): Illuminate\\Routing\\Route->runController()
#22 C:\\Users\\CarlosNeto\\Documents\\multi-stack\\adote-um-pet\\vendor\\laravel\\framework\\src\\Illuminate\\Routing\\Router.php(725): Illuminate\\Routing\\Route->run()
#23 C:\\Users\\CarlosNeto\\Documents\\multi-stack\\adote-um-pet\\vendor\\laravel\\framework\\src\\Illuminate\\Pipeline\\Pipeline.php(141): Illuminate\\Routing\\Router->Illuminate\\Routing\\{closure}(Object(Illuminate\\Http\\Request))
#24 C:\\Users\\CarlosNeto\\Documents\\multi-stack\\adote-um-pet\\vendor\\laravel\\framework\\src\\Illuminate\\Routing\\Middleware\\SubstituteBindings.php(50): Illuminate\\Pipeline\\Pipeline->Illuminate\\Pipeline\\{closure}(Object(Illuminate\\Http\\Request))
#25 C:\\Users\\CarlosNeto\\Documents\\multi-stack\\adote-um-pet\\vendor\\laravel\\framework\\src\\Illuminate\\Pipeline\\Pipeline.php(180): Illuminate\\Routing\\Middleware\\SubstituteBindings->handle(Object(Illuminate\\Http\\Request), Object(Closure))
#26 C:\\Users\\CarlosNeto\\Documents\\multi-stack\\adote-um-pet\\vendor\\laravel\\framework\\src\\Illuminate\\Routing\\Middleware\\ThrottleRequests.php(126): Illuminate\\Pipeline\\Pipeline->Illuminate\\Pipeline\\{closure}(Object(Illuminate\\Http\\Request))
#27 C:\\Users\\CarlosNeto\\Documents\\multi-stack\\adote-um-pet\\vendor\\laravel\\framework\\src\\Illuminate\\Routing\\Middleware\\ThrottleRequests.php(102): Illuminate\\Routing\\Middleware\\ThrottleRequests->handleRequest(Object(Illuminate\\Http\\Request), Object(Closure), Array)
#28 C:\\Users\\CarlosNeto\\Documents\\multi-stack\\adote-um-pet\\vendor\\laravel\\framework\\src\\Illuminate\\Routing\\Middleware\\ThrottleRequests.php(54): Illuminate\\Routing\\Middleware\\ThrottleRequests->handleRequestUsingNamedLimiter(Object(Illuminate\\Http\\Request), Object(Closure), 'api', Object(Closure))
#29 C:\\Users\\CarlosNeto\\Documents\\multi-stack\\adote-um-pet\\vendor\\laravel\\framework\\src\\Illuminate\\Pipeline\\Pipeline.php(180): Illuminate\\Routing\\Middleware\\ThrottleRequests->handle(Object(Illuminate\\Http\\Request), Object(Closure), 'api')
#30 C:\\Users\\CarlosNeto\\Documents\\multi-stack\\adote-um-pet\\vendor\\laravel\\framework\\src\\Illuminate\\Pipeline\\Pipeline.php(116): Illuminate\\Pipeline\\Pipeline->Illuminate\\Pipeline\\{closure}(Object(Illuminate\\Http\\Request))
#31 C:\\Users\\CarlosNeto\\Documents\\multi-stack\\adote-um-pet\\vendor\\laravel\\framework\\src\\Illuminate\\Routing\\Router.php(726): Illuminate\\Pipeline\\Pipeline->then(Object(Closure))
#32 C:\\Users\\CarlosNeto\\Documents\\multi-stack\\adote-um-pet\\vendor\\laravel\\framework\\src\\Illuminate\\Routing\\Router.php(703): Illuminate\\Routing\\Router->runRouteWithinStack(Object(Illuminate\\Routing\\Route), Object(Illuminate\\Http\\Request))
#33 C:\\Users\\CarlosNeto\\Documents\\multi-stack\\adote-um-pet\\vendor\\laravel\\framework\\src\\Illuminate\\Routing\\Router.php(667): Illuminate\\Routing\\Router->runRoute(Object(Illuminate\\Http\\Request), Object(Illuminate\\Routing\\Route))
#34 C:\\Users\\CarlosNeto\\Documents\\multi-stack\\adote-um-pet\\vendor\\laravel\\framework\\src\\Illuminate\\Routing\\Router.php(656): Illuminate\\Routing\\Router->dispatchToRoute(Object(Illuminate\\Http\\Request))
#35 C:\\Users\\CarlosNeto\\Documents\\multi-stack\\adote-um-pet\\vendor\\laravel\\framework\\src\\Illuminate\\Foundation\\Http\\Kernel.php(167): Illuminate\\Routing\\Router->dispatch(Object(Illuminate\\Http\\Request))
#36 C:\\Users\\CarlosNeto\\Documents\\multi-stack\\adote-um-pet\\vendor\\laravel\\framework\\src\\Illuminate\\Pipeline\\Pipeline.php(141): Illuminate\\Foundation\\Http\\Kernel->Illuminate\\Foundation\\Http\\{closure}(Object(Illuminate\\Http\\Request))
#37 C:\\Users\\CarlosNeto\\Documents\\multi-stack\\adote-um-pet\\vendor\\laravel\\framework\\src\\Illuminate\\Foundation\\Http\\Middleware\\TransformsRequest.php(21): Illuminate\\Pipeline\\Pipeline->Illuminate\\Pipeline\\{closure}(Object(Illuminate\\Http\\Request))
#38 C:\\Users\\CarlosNeto\\Documents\\multi-stack\\adote-um-pet\\vendor\\laravel\\framework\\src\\Illuminate\\Foundation\\Http\\Middleware\\ConvertEmptyStringsToNull.php(31): Illuminate\\Foundation\\Http\\Middleware\\TransformsRequest->handle(Object(Illuminate\\Http\\Request), Object(Closure))
#39 C:\\Users\\CarlosNeto\\Documents\\multi-stack\\adote-um-pet\\vendor\\laravel\\framework\\src\\Illuminate\\Pipeline\\Pipeline.php(180): Illuminate\\Foundation\\Http\\Middleware\\ConvertEmptyStringsToNull->handle(Object(Illuminate\\Http\\Request), Object(Closure))
#40 C:\\Users\\CarlosNeto\\Documents\\multi-stack\\adote-um-pet\\vendor\\laravel\\framework\\src\\Illuminate\\Foundation\\Http\\Middleware\\TransformsRequest.php(21): Illuminate\\Pipeline\\Pipeline->Illuminate\\Pipeline\\{closure}(Object(Illuminate\\Http\\Request))
#41 C:\\Users\\CarlosNeto\\Documents\\multi-stack\\adote-um-pet\\vendor\\laravel\\framework\\src\\Illuminate\\Foundation\\Http\\Middleware\\TrimStrings.php(40): Illuminate\\Foundation\\Http\\Middleware\\TransformsRequest->handle(Object(Illuminate\\Http\\Request), Object(Closure))
#42 C:\\Users\\CarlosNeto\\Documents\\multi-stack\\adote-um-pet\\vendor\\laravel\\framework\\src\\Illuminate\\Pipeline\\Pipeline.php(180): Illuminate\\Foundation\\Http\\Middleware\\TrimStrings->handle(Object(Illuminate\\Http\\Request), Object(Closure))
#43 C:\\Users\\CarlosNeto\\Documents\\multi-stack\\adote-um-pet\\vendor\\laravel\\framework\\src\\Illuminate\\Foundation\\Http\\Middleware\\ValidatePostSize.php(27): Illuminate\\Pipeline\\Pipeline->Illuminate\\Pipeline\\{closure}(Object(Illuminate\\Http\\Request))
#44 C:\\Users\\CarlosNeto\\Documents\\multi-stack\\adote-um-pet\\vendor\\laravel\\framework\\src\\Illuminate\\Pipeline\\Pipeline.php(180): Illuminate\\Foundation\\Http\\Middleware\\ValidatePostSize->handle(Object(Illuminate\\Http\\Request), Object(Closure))
#45 C:\\Users\\CarlosNeto\\Documents\\multi-stack\\adote-um-pet\\vendor\\laravel\\framework\\src\\Illuminate\\Foundation\\Http\\Middleware\\PreventRequestsDuringMaintenance.php(86): Illuminate\\Pipeline\\Pipeline->Illuminate\\Pipeline\\{closure}(Object(Illuminate\\Http\\Request))
#46 C:\\Users\\CarlosNeto\\Documents\\multi-stack\\adote-um-pet\\vendor\\laravel\\framework\\src\\Illuminate\\Pipeline\\Pipeline.php(180): Illuminate\\Foundation\\Http\\Middleware\\PreventRequestsDuringMaintenance->handle(Object(Illuminate\\Http\\Request), Object(Closure))
#47 C:\\Users\\CarlosNeto\\Documents\\multi-stack\\adote-um-pet\\vendor\\laravel\\framework\\src\\Illuminate\\Http\\Middleware\\HandleCors.php(62): Illuminate\\Pipeline\\Pipeline->Illuminate\\Pipeline\\{closure}(Object(Illuminate\\Http\\Request))
#48 C:\\Users\\CarlosNeto\\Documents\\multi-stack\\adote-um-pet\\vendor\\laravel\\framework\\src\\Illuminate\\Pipeline\\Pipeline.php(180): Illuminate\\Http\\Middleware\\HandleCors->handle(Object(Illuminate\\Http\\Request), Object(Closure))
#49 C:\\Users\\CarlosNeto\\Documents\\multi-stack\\adote-um-pet\\vendor\\laravel\\framework\\src\\Illuminate\\Http\\Middleware\\TrustProxies.php(39): Illuminate\\Pipeline\\Pipeline->Illuminate\\Pipeline\\{closure}(Object(Illuminate\\Http\\Request))
#50 C:\\Users\\CarlosNeto\\Documents\\multi-stack\\adote-um-pet\\vendor\\laravel\\framework\\src\\Illuminate\\Pipeline\\Pipeline.php(180): Illuminate\\Http\\Middleware\\TrustProxies->handle(Object(Illuminate\\Http\\Request), Object(Closure))
#51 C:\\Users\\CarlosNeto\\Documents\\multi-stack\\adote-um-pet\\vendor\\laravel\\framework\\src\\Illuminate\\Pipeline\\Pipeline.php(116): Illuminate\\Pipeline\\Pipeline->Illuminate\\Pipeline\\{closure}(Object(Illuminate\\Http\\Request))
#52 C:\\Users\\CarlosNeto\\Documents\\multi-stack\\adote-um-pet\\vendor\\laravel\\framework\\src\\Illuminate\\Foundation\\Http\\Kernel.php(142): Illuminate\\Pipeline\\Pipeline->then(Object(Closure))
#53 C:\\Users\\CarlosNeto\\Documents\\multi-stack\\adote-um-pet\\vendor\\laravel\\framework\\src\\Illuminate\\Foundation\\Http\\Kernel.php(111): Illuminate\\Foundation\\Http\\Kernel->sendRequestThroughRouter(Object(Illuminate\\Http\\Request))
#54 C:\\Users\\CarlosNeto\\Documents\\multi-stack\\adote-um-pet\\public\\index.php(52): Illuminate\\Foundation\\Http\\Kernel->handle(Object(Illuminate\\Http\\Request))
#55 C:\\Users\\CarlosNeto\\Documents\\multi-stack\\adote-um-pet\\vendor\\laravel\\framework\\src\\Illuminate\\Foundation\esources\\server.php(16): require_once('C:\\\\Users\\\\Carlos...')
#56 {main}
"} 
[2022-06-07 23:27:07] local.ERROR: SQLSTATE[23000]: Integrity constraint violation: 19 NOT NULL constraint failed: pets.name (SQL: insert into "pets" ("story", "photo", "updated_at", "created_at") values (Um gatinho muito feliz, https://www.specialdog.com.br/assets/uploads/images/gato03.png, 2022-06-07 23:27:07, 2022-06-07 23:27:07)) {"exception":"[object] (Illuminate\\Database\\QueryException(code: 23000): SQLSTATE[23000]: Integrity constraint violation: 19 NOT NULL constraint failed: pets.name (SQL: insert into \"pets\" (\"story\", \"photo\", \"updated_at\", \"created_at\") values (Um gatinho muito feliz, https://www.specialdog.com.br/assets/uploads/images/gato03.png, 2022-06-07 23:27:07, 2022-06-07 23:27:07)) at C:\\Users\\CarlosNeto\\Documents\\multi-stack\\adote-um-pet\\vendor\\laravel\\framework\\src\\Illuminate\\Database\\Connection.php:742)
[stacktrace]
#0 C:\\Users\\CarlosNeto\\Documents\\multi-stack\\adote-um-pet\\vendor\\laravel\\framework\\src\\Illuminate\\Database\\Connection.php(702): Illuminate\\Database\\Connection->runQueryCallback('insert into \"pe...', Array, Object(Closure))
#1 C:\\Users\\CarlosNeto\\Documents\\multi-stack\\adote-um-pet\\vendor\\laravel\\framework\\src\\Illuminate\\Database\\Connection.php(528): Illuminate\\Database\\Connection->run('insert into \"pe...', Array, Object(Closure))
#2 C:\\Users\\CarlosNeto\\Documents\\multi-stack\\adote-um-pet\\vendor\\laravel\\framework\\src\\Illuminate\\Database\\Connection.php(480): Illuminate\\Database\\Connection->statement('insert into \"pe...', Array)
#3 C:\\Users\\CarlosNeto\\Documents\\multi-stack\\adote-um-pet\\vendor\\laravel\\framework\\src\\Illuminate\\Database\\Query\\Processors\\Processor.php(32): Illuminate\\Database\\Connection->insert('insert into \"pe...', Array)
#4 C:\\Users\\CarlosNeto\\Documents\\multi-stack\\adote-um-pet\\vendor\\laravel\\framework\\src\\Illuminate\\Database\\Query\\Builder.php(3246): Illuminate\\Database\\Query\\Processors\\Processor->processInsertGetId(Object(Illuminate\\Database\\Query\\Builder), 'insert into \"pe...', Array, 'id')
#5 C:\\Users\\CarlosNeto\\Documents\\multi-stack\\adote-um-pet\\vendor\\laravel\\framework\\src\\Illuminate\\Database\\Eloquent\\Builder.php(1745): Illuminate\\Database\\Query\\Builder->insertGetId(Array, 'id')
#6 C:\\Users\\CarlosNeto\\Documents\\multi-stack\\adote-um-pet\\vendor\\laravel\\framework\\src\\Illuminate\\Database\\Eloquent\\Model.php(1220): Illuminate\\Database\\Eloquent\\Builder->__call('insertGetId', Array)
#7 C:\\Users\\CarlosNeto\\Documents\\multi-stack\\adote-um-pet\\vendor\\laravel\\framework\\src\\Illuminate\\Database\\Eloquent\\Model.php(1185): Illuminate\\Database\\Eloquent\\Model->insertAndSetId(Object(Illuminate\\Database\\Eloquent\\Builder), Array)
#8 C:\\Users\\CarlosNeto\\Documents\\multi-stack\\adote-um-pet\\vendor\\laravel\\framework\\src\\Illuminate\\Database\\Eloquent\\Model.php(1026): Illuminate\\Database\\Eloquent\\Model->performInsert(Object(Illuminate\\Database\\Eloquent\\Builder))
#9 C:\\Users\\CarlosNeto\\Documents\\multi-stack\\adote-um-pet\\vendor\\laravel\\framework\\src\\Illuminate\\Database\\Eloquent\\Builder.php(974): Illuminate\\Database\\Eloquent\\Model->save()
#10 C:\\Users\\CarlosNeto\\Documents\\multi-stack\\adote-um-pet\\vendor\\laravel\\framework\\src\\Illuminate\\Support\\helpers.php(302): Illuminate\\Database\\Eloquent\\Builder->Illuminate\\Database\\Eloquent\\{closure}(Object(App\\Models\\Pet))
#11 C:\\Users\\CarlosNeto\\Documents\\multi-stack\\adote-um-pet\\vendor\\laravel\\framework\\src\\Illuminate\\Database\\Eloquent\\Builder.php(975): tap(Object(App\\Models\\Pet), Object(Closure))
#12 C:\\Users\\CarlosNeto\\Documents\\multi-stack\\adote-um-pet\\vendor\\laravel\\framework\\src\\Illuminate\\Support\\Traits\\ForwardsCalls.php(23): Illuminate\\Database\\Eloquent\\Builder->create(Array)
#13 C:\\Users\\CarlosNeto\\Documents\\multi-stack\\adote-um-pet\\vendor\\laravel\\framework\\src\\Illuminate\\Database\\Eloquent\\Model.php(2163): Illuminate\\Database\\Eloquent\\Model->forwardCallTo(Object(Illuminate\\Database\\Eloquent\\Builder), 'create', Array)
#14 C:\\Users\\CarlosNeto\\Documents\\multi-stack\\adote-um-pet\\vendor\\laravel\\framework\\src\\Illuminate\\Database\\Eloquent\\Model.php(2175): Illuminate\\Database\\Eloquent\\Model->__call('create', Array)
#15 C:\\Users\\CarlosNeto\\Documents\\multi-stack\\adote-um-pet\\app\\Http\\Controllers\\PetController.php(20): Illuminate\\Database\\Eloquent\\Model::__callStatic('create', Array)
#16 C:\\Users\\CarlosNeto\\Documents\\multi-stack\\adote-um-pet\\vendor\\laravel\\framework\\src\\Illuminate\\Routing\\Controller.php(54): App\\Http\\Controllers\\PetController->store(Object(Illuminate\\Http\\Request))
#17 C:\\Users\\CarlosNeto\\Documents\\multi-stack\\adote-um-pet\\vendor\\laravel\\framework\\src\\Illuminate\\Routing\\ControllerDispatcher.php(45): Illuminate\\Routing\\Controller->callAction('store', Array)
#18 C:\\Users\\CarlosNeto\\Documents\\multi-stack\\adote-um-pet\\vendor\\laravel\\framework\\src\\Illuminate\\Routing\\Route.php(261): Illuminate\\Routing\\ControllerDispatcher->dispatch(Object(Illuminate\\Routing\\Route), Object(App\\Http\\Controllers\\PetController), 'store')
#19 C:\\Users\\CarlosNeto\\Documents\\multi-stack\\adote-um-pet\\vendor\\laravel\\framework\\src\\Illuminate\\Routing\\Route.php(204): Illuminate\\Routing\\Route->runController()
#20 C:\\Users\\CarlosNeto\\Documents\\multi-stack\\adote-um-pet\\vendor\\laravel\\framework\\src\\Illuminate\\Routing\\Router.php(725): Illuminate\\Routing\\Route->run()
#21 C:\\Users\\CarlosNeto\\Documents\\multi-stack\\adote-um-pet\\vendor\\laravel\\framework\\src\\Illuminate\\Pipeline\\Pipeline.php(141): Illuminate\\Routing\\Router->Illuminate\\Routing\\{closure}(Object(Illuminate\\Http\\Request))
#22 C:\\Users\\CarlosNeto\\Documents\\multi-stack\\adote-um-pet\\vendor\\laravel\\framework\\src\\Illuminate\\Routing\\Middleware\\SubstituteBindings.php(50): Illuminate\\Pipeline\\Pipeline->Illuminate\\Pipeline\\{closure}(Object(Illuminate\\Http\\Request))
#23 C:\\Users\\CarlosNeto\\Documents\\multi-stack\\adote-um-pet\\vendor\\laravel\\framework\\src\\Illuminate\\Pipeline\\Pipeline.php(180): Illuminate\\Routing\\Middleware\\SubstituteBindings->handle(Object(Illuminate\\Http\\Request), Object(Closure))
#24 C:\\Users\\CarlosNeto\\Documents\\multi-stack\\adote-um-pet\\vendor\\laravel\\framework\\src\\Illuminate\\Routing\\Middleware\\ThrottleRequests.php(126): Illuminate\\Pipeline\\Pipeline->Illuminate\\Pipeline\\{closure}(Object(Illuminate\\Http\\Request))
#25 C:\\Users\\CarlosNeto\\Documents\\multi-stack\\adote-um-pet\\vendor\\laravel\\framework\\src\\Illuminate\\Routing\\Middleware\\ThrottleRequests.php(102): Illuminate\\Routing\\Middleware\\ThrottleRequests->handleRequest(Object(Illuminate\\Http\\Request), Object(Closure), Array)
#26 C:\\Users\\CarlosNeto\\Documents\\multi-stack\\adote-um-pet\\vendor\\laravel\\framework\\src\\Illuminate\\Routing\\Middleware\\ThrottleRequests.php(54): Illuminate\\Routing\\Middleware\\ThrottleRequests->handleRequestUsingNamedLimiter(Object(Illuminate\\Http\\Request), Object(Closure), 'api', Object(Closure))
#27 C:\\Users\\CarlosNeto\\Documents\\multi-stack\\adote-um-pet\\vendor\\laravel\\framework\\src\\Illuminate\\Pipeline\\Pipeline.php(180): Illuminate\\Routing\\Middleware\\ThrottleRequests->handle(Object(Illuminate\\Http\\Request), Object(Closure), 'api')
#28 C:\\Users\\CarlosNeto\\Documents\\multi-stack\\adote-um-pet\\vendor\\laravel\\framework\\src\\Illuminate\\Pipeline\\Pipeline.php(116): Illuminate\\Pipeline\\Pipeline->Illuminate\\Pipeline\\{closure}(Object(Illuminate\\Http\\Request))
#29 C:\\Users\\CarlosNeto\\Documents\\multi-stack\\adote-um-pet\\vendor\\laravel\\framework\\src\\Illuminate\\Routing\\Router.php(726): Illuminate\\Pipeline\\Pipeline->then(Object(Closure))
#30 C:\\Users\\CarlosNeto\\Documents\\multi-stack\\adote-um-pet\\vendor\\laravel\\framework\\src\\Illuminate\\Routing\\Router.php(703): Illuminate\\Routing\\Router->runRouteWithinStack(Object(Illuminate\\Routing\\Route), Object(Illuminate\\Http\\Request))
#31 C:\\Users\\CarlosNeto\\Documents\\multi-stack\\adote-um-pet\\vendor\\laravel\\framework\\src\\Illuminate\\Routing\\Router.php(667): Illuminate\\Routing\\Router->runRoute(Object(Illuminate\\Http\\Request), Object(Illuminate\\Routing\\Route))
#32 C:\\Users\\CarlosNeto\\Documents\\multi-stack\\adote-um-pet\\vendor\\laravel\\framework\\src\\Illuminate\\Routing\\Router.php(656): Illuminate\\Routing\\Router->dispatchToRoute(Object(Illuminate\\Http\\Request))
#33 C:\\Users\\CarlosNeto\\Documents\\multi-stack\\adote-um-pet\\vendor\\laravel\\framework\\src\\Illuminate\\Foundation\\Http\\Kernel.php(167): Illuminate\\Routing\\Router->dispatch(Object(Illuminate\\Http\\Request))
#34 C:\\Users\\CarlosNeto\\Documents\\multi-stack\\adote-um-pet\\vendor\\laravel\\framework\\src\\Illuminate\\Pipeline\\Pipeline.php(141): Illuminate\\Foundation\\Http\\Kernel->Illuminate\\Foundation\\Http\\{closure}(Object(Illuminate\\Http\\Request))
#35 C:\\Users\\CarlosNeto\\Documents\\multi-stack\\adote-um-pet\\vendor\\laravel\\framework\\src\\Illuminate\\Foundation\\Http\\Middleware\\TransformsRequest.php(21): Illuminate\\Pipeline\\Pipeline->Illuminate\\Pipeline\\{closure}(Object(Illuminate\\Http\\Request))
#36 C:\\Users\\CarlosNeto\\Documents\\multi-stack\\adote-um-pet\\vendor\\laravel\\framework\\src\\Illuminate\\Foundation\\Http\\Middleware\\ConvertEmptyStringsToNull.php(31): Illuminate\\Foundation\\Http\\Middleware\\TransformsRequest->handle(Object(Illuminate\\Http\\Request), Object(Closure))
#37 C:\\Users\\CarlosNeto\\Documents\\multi-stack\\adote-um-pet\\vendor\\laravel\\framework\\src\\Illuminate\\Pipeline\\Pipeline.php(180): Illuminate\\Foundation\\Http\\Middleware\\ConvertEmptyStringsToNull->handle(Object(Illuminate\\Http\\Request), Object(Closure))
#38 C:\\Users\\CarlosNeto\\Documents\\multi-stack\\adote-um-pet\\vendor\\laravel\\framework\\src\\Illuminate\\Foundation\\Http\\Middleware\\TransformsRequest.php(21): Illuminate\\Pipeline\\Pipeline->Illuminate\\Pipeline\\{closure}(Object(Illuminate\\Http\\Request))
#39 C:\\Users\\CarlosNeto\\Documents\\multi-stack\\adote-um-pet\\vendor\\laravel\\framework\\src\\Illuminate\\Foundation\\Http\\Middleware\\TrimStrings.php(40): Illuminate\\Foundation\\Http\\Middleware\\TransformsRequest->handle(Object(Illuminate\\Http\\Request), Object(Closure))
#40 C:\\Users\\CarlosNeto\\Documents\\multi-stack\\adote-um-pet\\vendor\\laravel\\framework\\src\\Illuminate\\Pipeline\\Pipeline.php(180): Illuminate\\Foundation\\Http\\Middleware\\TrimStrings->handle(Object(Illuminate\\Http\\Request), Object(Closure))
#41 C:\\Users\\CarlosNeto\\Documents\\multi-stack\\adote-um-pet\\vendor\\laravel\\framework\\src\\Illuminate\\Foundation\\Http\\Middleware\\ValidatePostSize.php(27): Illuminate\\Pipeline\\Pipeline->Illuminate\\Pipeline\\{closure}(Object(Illuminate\\Http\\Request))
#42 C:\\Users\\CarlosNeto\\Documents\\multi-stack\\adote-um-pet\\vendor\\laravel\\framework\\src\\Illuminate\\Pipeline\\Pipeline.php(180): Illuminate\\Foundation\\Http\\Middleware\\ValidatePostSize->handle(Object(Illuminate\\Http\\Request), Object(Closure))
#43 C:\\Users\\CarlosNeto\\Documents\\multi-stack\\adote-um-pet\\vendor\\laravel\\framework\\src\\Illuminate\\Foundation\\Http\\Middleware\\PreventRequestsDuringMaintenance.php(86): Illuminate\\Pipeline\\Pipeline->Illuminate\\Pipeline\\{closure}(Object(Illuminate\\Http\\Request))
#44 C:\\Users\\CarlosNeto\\Documents\\multi-stack\\adote-um-pet\\vendor\\laravel\\framework\\src\\Illuminate\\Pipeline\\Pipeline.php(180): Illuminate\\Foundation\\Http\\Middleware\\PreventRequestsDuringMaintenance->handle(Object(Illuminate\\Http\\Request), Object(Closure))
#45 C:\\Users\\CarlosNeto\\Documents\\multi-stack\\adote-um-pet\\vendor\\laravel\\framework\\src\\Illuminate\\Http\\Middleware\\HandleCors.php(62): Illuminate\\Pipeline\\Pipeline->Illuminate\\Pipeline\\{closure}(Object(Illuminate\\Http\\Request))
#46 C:\\Users\\CarlosNeto\\Documents\\multi-stack\\adote-um-pet\\vendor\\laravel\\framework\\src\\Illuminate\\Pipeline\\Pipeline.php(180): Illuminate\\Http\\Middleware\\HandleCors->handle(Object(Illuminate\\Http\\Request), Object(Closure))
#47 C:\\Users\\CarlosNeto\\Documents\\multi-stack\\adote-um-pet\\vendor\\laravel\\framework\\src\\Illuminate\\Http\\Middleware\\TrustProxies.php(39): Illuminate\\Pipeline\\Pipeline->Illuminate\\Pipeline\\{closure}(Object(Illuminate\\Http\\Request))
#48 C:\\Users\\CarlosNeto\\Documents\\multi-stack\\adote-um-pet\\vendor\\laravel\\framework\\src\\Illuminate\\Pipeline\\Pipeline.php(180): Illuminate\\Http\\Middleware\\TrustProxies->handle(Object(Illuminate\\Http\\Request), Object(Closure))
#49 C:\\Users\\CarlosNeto\\Documents\\multi-stack\\adote-um-pet\\vendor\\laravel\\framework\\src\\Illuminate\\Pipeline\\Pipeline.php(116): Illuminate\\Pipeline\\Pipeline->Illuminate\\Pipeline\\{closure}(Object(Illuminate\\Http\\Request))
#50 C:\\Users\\CarlosNeto\\Documents\\multi-stack\\adote-um-pet\\vendor\\laravel\\framework\\src\\Illuminate\\Foundation\\Http\\Kernel.php(142): Illuminate\\Pipeline\\Pipeline->then(Object(Closure))
#51 C:\\Users\\CarlosNeto\\Documents\\multi-stack\\adote-um-pet\\vendor\\laravel\\framework\\src\\Illuminate\\Foundation\\Http\\Kernel.php(111): Illuminate\\Foundation\\Http\\Kernel->sendRequestThroughRouter(Object(Illuminate\\Http\\Request))
#52 C:\\Users\\CarlosNeto\\Documents\\multi-stack\\adote-um-pet\\public\\index.php(52): Illuminate\\Foundation\\Http\\Kernel->handle(Object(Illuminate\\Http\\Request))
#53 C:\\Users\\CarlosNeto\\Documents\\multi-stack\\adote-um-pet\\vendor\\laravel\\framework\\src\\Illuminate\\Foundation\esources\\server.php(16): require_once('C:\\\\Users\\\\Carlos...')
#54 {main}

[previous exception] [object] (PDOException(code: 23000): SQLSTATE[23000]: Integrity constraint violation: 19 NOT NULL constraint failed: pets.name at C:\\Users\\CarlosNeto\\Documents\\multi-stack\\adote-um-pet\\vendor\\laravel\\framework\\src\\Illuminate\\Database\\Connection.php:527)
[stacktrace]
#0 C:\\Users\\CarlosNeto\\Documents\\multi-stack\\adote-um-pet\\vendor\\laravel\\framework\\src\\Illuminate\\Database\\Connection.php(527): PDOStatement->execute()
#1 C:\\Users\\CarlosNeto\\Documents\\multi-stack\\adote-um-pet\\vendor\\laravel\\framework\\src\\Illuminate\\Database\\Connection.php(735): Illuminate\\Database\\Connection->Illuminate\\Database\\{closure}('insert into \"pe...', Array)
#2 C:\\Users\\CarlosNeto\\Documents\\multi-stack\\adote-um-pet\\vendor\\laravel\\framework\\src\\Illuminate\\Database\\Connection.php(702): Illuminate\\Database\\Connection->runQueryCallback('insert into \"pe...', Array, Object(Closure))
#3 C:\\Users\\CarlosNeto\\Documents\\multi-stack\\adote-um-pet\\vendor\\laravel\\framework\\src\\Illuminate\\Database\\Connection.php(528): Illuminate\\Database\\Connection->run('insert into \"pe...', Array, Object(Closure))
#4 C:\\Users\\CarlosNeto\\Documents\\multi-stack\\adote-um-pet\\vendor\\laravel\\framework\\src\\Illuminate\\Database\\Connection.php(480): Illuminate\\Database\\Connection->statement('insert into \"pe...', Array)
#5 C:\\Users\\CarlosNeto\\Documents\\multi-stack\\adote-um-pet\\vendor\\laravel\\framework\\src\\Illuminate\\Database\\Query\\Processors\\Processor.php(32): Illuminate\\Database\\Connection->insert('insert into \"pe...', Array)
#6 C:\\Users\\CarlosNeto\\Documents\\multi-stack\\adote-um-pet\\vendor\\laravel\\framework\\src\\Illuminate\\Database\\Query\\Builder.php(3246): Illuminate\\Database\\Query\\Processors\\Processor->processInsertGetId(Object(Illuminate\\Database\\Query\\Builder), 'insert into \"pe...', Array, 'id')
#7 C:\\Users\\CarlosNeto\\Documents\\multi-stack\\adote-um-pet\\vendor\\laravel\\framework\\src\\Illuminate\\Database\\Eloquent\\Builder.php(1745): Illuminate\\Database\\Query\\Builder->insertGetId(Array, 'id')
#8 C:\\Users\\CarlosNeto\\Documents\\multi-stack\\adote-um-pet\\vendor\\laravel\\framework\\src\\Illuminate\\Database\\Eloquent\\Model.php(1220): Illuminate\\Database\\Eloquent\\Builder->__call('insertGetId', Array)
#9 C:\\Users\\CarlosNeto\\Documents\\multi-stack\\adote-um-pet\\vendor\\laravel\\framework\\src\\Illuminate\\Database\\Eloquent\\Model.php(1185): Illuminate\\Database\\Eloquent\\Model->insertAndSetId(Object(Illuminate\\Database\\Eloquent\\Builder), Array)
#10 C:\\Users\\CarlosNeto\\Documents\\multi-stack\\adote-um-pet\\vendor\\laravel\\framework\\src\\Illuminate\\Database\\Eloquent\\Model.php(1026): Illuminate\\Database\\Eloquent\\Model->performInsert(Object(Illuminate\\Database\\Eloquent\\Builder))
#11 C:\\Users\\CarlosNeto\\Documents\\multi-stack\\adote-um-pet\\vendor\\laravel\\framework\\src\\Illuminate\\Database\\Eloquent\\Builder.php(974): Illuminate\\Database\\Eloquent\\Model->save()
#12 C:\\Users\\CarlosNeto\\Documents\\multi-stack\\adote-um-pet\\vendor\\laravel\\framework\\src\\Illuminate\\Support\\helpers.php(302): Illuminate\\Database\\Eloquent\\Builder->Illuminate\\Database\\Eloquent\\{closure}(Object(App\\Models\\Pet))
#13 C:\\Users\\CarlosNeto\\Documents\\multi-stack\\adote-um-pet\\vendor\\laravel\\framework\\src\\Illuminate\\Database\\Eloquent\\Builder.php(975): tap(Object(App\\Models\\Pet), Object(Closure))
#14 C:\\Users\\CarlosNeto\\Documents\\multi-stack\\adote-um-pet\\vendor\\laravel\\framework\\src\\Illuminate\\Support\\Traits\\ForwardsCalls.php(23): Illuminate\\Database\\Eloquent\\Builder->create(Array)
#15 C:\\Users\\CarlosNeto\\Documents\\multi-stack\\adote-um-pet\\vendor\\laravel\\framework\\src\\Illuminate\\Database\\Eloquent\\Model.php(2163): Illuminate\\Database\\Eloquent\\Model->forwardCallTo(Object(Illuminate\\Database\\Eloquent\\Builder), 'create', Array)
#16 C:\\Users\\CarlosNeto\\Documents\\multi-stack\\adote-um-pet\\vendor\\laravel\\framework\\src\\Illuminate\\Database\\Eloquent\\Model.php(2175): Illuminate\\Database\\Eloquent\\Model->__call('create', Array)
#17 C:\\Users\\CarlosNeto\\Documents\\multi-stack\\adote-um-pet\\app\\Http\\Controllers\\PetController.php(20): Illuminate\\Database\\Eloquent\\Model::__callStatic('create', Array)
#18 C:\\Users\\CarlosNeto\\Documents\\multi-stack\\adote-um-pet\\vendor\\laravel\\framework\\src\\Illuminate\\Routing\\Controller.php(54): App\\Http\\Controllers\\PetController->store(Object(Illuminate\\Http\\Request))
#19 C:\\Users\\CarlosNeto\\Documents\\multi-stack\\adote-um-pet\\vendor\\laravel\\framework\\src\\Illuminate\\Routing\\ControllerDispatcher.php(45): Illuminate\\Routing\\Controller->callAction('store', Array)
#20 C:\\Users\\CarlosNeto\\Documents\\multi-stack\\adote-um-pet\\vendor\\laravel\\framework\\src\\Illuminate\\Routing\\Route.php(261): Illuminate\\Routing\\ControllerDispatcher->dispatch(Object(Illuminate\\Routing\\Route), Object(App\\Http\\Controllers\\PetController), 'store')
#21 C:\\Users\\CarlosNeto\\Documents\\multi-stack\\adote-um-pet\\vendor\\laravel\\framework\\src\\Illuminate\\Routing\\Route.php(204): Illuminate\\Routing\\Route->runController()
#22 C:\\Users\\CarlosNeto\\Documents\\multi-stack\\adote-um-pet\\vendor\\laravel\\framework\\src\\Illuminate\\Routing\\Router.php(725): Illuminate\\Routing\\Route->run()
#23 C:\\Users\\CarlosNeto\\Documents\\multi-stack\\adote-um-pet\\vendor\\laravel\\framework\\src\\Illuminate\\Pipeline\\Pipeline.php(141): Illuminate\\Routing\\Router->Illuminate\\Routing\\{closure}(Object(Illuminate\\Http\\Request))
#24 C:\\Users\\CarlosNeto\\Documents\\multi-stack\\adote-um-pet\\vendor\\laravel\\framework\\src\\Illuminate\\Routing\\Middleware\\SubstituteBindings.php(50): Illuminate\\Pipeline\\Pipeline->Illuminate\\Pipeline\\{closure}(Object(Illuminate\\Http\\Request))
#25 C:\\Users\\CarlosNeto\\Documents\\multi-stack\\adote-um-pet\\vendor\\laravel\\framework\\src\\Illuminate\\Pipeline\\Pipeline.php(180): Illuminate\\Routing\\Middleware\\SubstituteBindings->handle(Object(Illuminate\\Http\\Request), Object(Closure))
#26 C:\\Users\\CarlosNeto\\Documents\\multi-stack\\adote-um-pet\\vendor\\laravel\\framework\\src\\Illuminate\\Routing\\Middleware\\ThrottleRequests.php(126): Illuminate\\Pipeline\\Pipeline->Illuminate\\Pipeline\\{closure}(Object(Illuminate\\Http\\Request))
#27 C:\\Users\\CarlosNeto\\Documents\\multi-stack\\adote-um-pet\\vendor\\laravel\\framework\\src\\Illuminate\\Routing\\Middleware\\ThrottleRequests.php(102): Illuminate\\Routing\\Middleware\\ThrottleRequests->handleRequest(Object(Illuminate\\Http\\Request), Object(Closure), Array)
#28 C:\\Users\\CarlosNeto\\Documents\\multi-stack\\adote-um-pet\\vendor\\laravel\\framework\\src\\Illuminate\\Routing\\Middleware\\ThrottleRequests.php(54): Illuminate\\Routing\\Middleware\\ThrottleRequests->handleRequestUsingNamedLimiter(Object(Illuminate\\Http\\Request), Object(Closure), 'api', Object(Closure))
#29 C:\\Users\\CarlosNeto\\Documents\\multi-stack\\adote-um-pet\\vendor\\laravel\\framework\\src\\Illuminate\\Pipeline\\Pipeline.php(180): Illuminate\\Routing\\Middleware\\ThrottleRequests->handle(Object(Illuminate\\Http\\Request), Object(Closure), 'api')
#30 C:\\Users\\CarlosNeto\\Documents\\multi-stack\\adote-um-pet\\vendor\\laravel\\framework\\src\\Illuminate\\Pipeline\\Pipeline.php(116): Illuminate\\Pipeline\\Pipeline->Illuminate\\Pipeline\\{closure}(Object(Illuminate\\Http\\Request))
#31 C:\\Users\\CarlosNeto\\Documents\\multi-stack\\adote-um-pet\\vendor\\laravel\\framework\\src\\Illuminate\\Routing\\Router.php(726): Illuminate\\Pipeline\\Pipeline->then(Object(Closure))
#32 C:\\Users\\CarlosNeto\\Documents\\multi-stack\\adote-um-pet\\vendor\\laravel\\framework\\src\\Illuminate\\Routing\\Router.php(703): Illuminate\\Routing\\Router->runRouteWithinStack(Object(Illuminate\\Routing\\Route), Object(Illuminate\\Http\\Request))
#33 C:\\Users\\CarlosNeto\\Documents\\multi-stack\\adote-um-pet\\vendor\\laravel\\framework\\src\\Illuminate\\Routing\\Router.php(667): Illuminate\\Routing\\Router->runRoute(Object(Illuminate\\Http\\Request), Object(Illuminate\\Routing\\Route))
#34 C:\\Users\\CarlosNeto\\Documents\\multi-stack\\adote-um-pet\\vendor\\laravel\\framework\\src\\Illuminate\\Routing\\Router.php(656): Illuminate\\Routing\\Router->dispatchToRoute(Object(Illuminate\\Http\\Request))
#35 C:\\Users\\CarlosNeto\\Documents\\multi-stack\\adote-um-pet\\vendor\\laravel\\framework\\src\\Illuminate\\Foundation\\Http\\Kernel.php(167): Illuminate\\Routing\\Router->dispatch(Object(Illuminate\\Http\\Request))
#36 C:\\Users\\CarlosNeto\\Documents\\multi-stack\\adote-um-pet\\vendor\\laravel\\framework\\src\\Illuminate\\Pipeline\\Pipeline.php(141): Illuminate\\Foundation\\Http\\Kernel->Illuminate\\Foundation\\Http\\{closure}(Object(Illuminate\\Http\\Request))
#37 C:\\Users\\CarlosNeto\\Documents\\multi-stack\\adote-um-pet\\vendor\\laravel\\framework\\src\\Illuminate\\Foundation\\Http\\Middleware\\TransformsRequest.php(21): Illuminate\\Pipeline\\Pipeline->Illuminate\\Pipeline\\{closure}(Object(Illuminate\\Http\\Request))
#38 C:\\Users\\CarlosNeto\\Documents\\multi-stack\\adote-um-pet\\vendor\\laravel\\framework\\src\\Illuminate\\Foundation\\Http\\Middleware\\ConvertEmptyStringsToNull.php(31): Illuminate\\Foundation\\Http\\Middleware\\TransformsRequest->handle(Object(Illuminate\\Http\\Request), Object(Closure))
#39 C:\\Users\\CarlosNeto\\Documents\\multi-stack\\adote-um-pet\\vendor\\laravel\\framework\\src\\Illuminate\\Pipeline\\Pipeline.php(180): Illuminate\\Foundation\\Http\\Middleware\\ConvertEmptyStringsToNull->handle(Object(Illuminate\\Http\\Request), Object(Closure))
#40 C:\\Users\\CarlosNeto\\Documents\\multi-stack\\adote-um-pet\\vendor\\laravel\\framework\\src\\Illuminate\\Foundation\\Http\\Middleware\\TransformsRequest.php(21): Illuminate\\Pipeline\\Pipeline->Illuminate\\Pipeline\\{closure}(Object(Illuminate\\Http\\Request))
#41 C:\\Users\\CarlosNeto\\Documents\\multi-stack\\adote-um-pet\\vendor\\laravel\\framework\\src\\Illuminate\\Foundation\\Http\\Middleware\\TrimStrings.php(40): Illuminate\\Foundation\\Http\\Middleware\\TransformsRequest->handle(Object(Illuminate\\Http\\Request), Object(Closure))
#42 C:\\Users\\CarlosNeto\\Documents\\multi-stack\\adote-um-pet\\vendor\\laravel\\framework\\src\\Illuminate\\Pipeline\\Pipeline.php(180): Illuminate\\Foundation\\Http\\Middleware\\TrimStrings->handle(Object(Illuminate\\Http\\Request), Object(Closure))
#43 C:\\Users\\CarlosNeto\\Documents\\multi-stack\\adote-um-pet\\vendor\\laravel\\framework\\src\\Illuminate\\Foundation\\Http\\Middleware\\ValidatePostSize.php(27): Illuminate\\Pipeline\\Pipeline->Illuminate\\Pipeline\\{closure}(Object(Illuminate\\Http\\Request))
#44 C:\\Users\\CarlosNeto\\Documents\\multi-stack\\adote-um-pet\\vendor\\laravel\\framework\\src\\Illuminate\\Pipeline\\Pipeline.php(180): Illuminate\\Foundation\\Http\\Middleware\\ValidatePostSize->handle(Object(Illuminate\\Http\\Request), Object(Closure))
#45 C:\\Users\\CarlosNeto\\Documents\\multi-stack\\adote-um-pet\\vendor\\laravel\\framework\\src\\Illuminate\\Foundation\\Http\\Middleware\\PreventRequestsDuringMaintenance.php(86): Illuminate\\Pipeline\\Pipeline->Illuminate\\Pipeline\\{closure}(Object(Illuminate\\Http\\Request))
#46 C:\\Users\\CarlosNeto\\Documents\\multi-stack\\adote-um-pet\\vendor\\laravel\\framework\\src\\Illuminate\\Pipeline\\Pipeline.php(180): Illuminate\\Foundation\\Http\\Middleware\\PreventRequestsDuringMaintenance->handle(Object(Illuminate\\Http\\Request), Object(Closure))
#47 C:\\Users\\CarlosNeto\\Documents\\multi-stack\\adote-um-pet\\vendor\\laravel\\framework\\src\\Illuminate\\Http\\Middleware\\HandleCors.php(62): Illuminate\\Pipeline\\Pipeline->Illuminate\\Pipeline\\{closure}(Object(Illuminate\\Http\\Request))
#48 C:\\Users\\CarlosNeto\\Documents\\multi-stack\\adote-um-pet\\vendor\\laravel\\framework\\src\\Illuminate\\Pipeline\\Pipeline.php(180): Illuminate\\Http\\Middleware\\HandleCors->handle(Object(Illuminate\\Http\\Request), Object(Closure))
#49 C:\\Users\\CarlosNeto\\Documents\\multi-stack\\adote-um-pet\\vendor\\laravel\\framework\\src\\Illuminate\\Http\\Middleware\\TrustProxies.php(39): Illuminate\\Pipeline\\Pipeline->Illuminate\\Pipeline\\{closure}(Object(Illuminate\\Http\\Request))
#50 C:\\Users\\CarlosNeto\\Documents\\multi-stack\\adote-um-pet\\vendor\\laravel\\framework\\src\\Illuminate\\Pipeline\\Pipeline.php(180): Illuminate\\Http\\Middleware\\TrustProxies->handle(Object(Illuminate\\Http\\Request), Object(Closure))
#51 C:\\Users\\CarlosNeto\\Documents\\multi-stack\\adote-um-pet\\vendor\\laravel\\framework\\src\\Illuminate\\Pipeline\\Pipeline.php(116): Illuminate\\Pipeline\\Pipeline->Illuminate\\Pipeline\\{closure}(Object(Illuminate\\Http\\Request))
#52 C:\\Users\\CarlosNeto\\Documents\\multi-stack\\adote-um-pet\\vendor\\laravel\\framework\\src\\Illuminate\\Foundation\\Http\\Kernel.php(142): Illuminate\\Pipeline\\Pipeline->then(Object(Closure))
#53 C:\\Users\\CarlosNeto\\Documents\\multi-stack\\adote-um-pet\\vendor\\laravel\\framework\\src\\Illuminate\\Foundation\\Http\\Kernel.php(111): Illuminate\\Foundation\\Http\\Kernel->sendRequestThroughRouter(Object(Illuminate\\Http\\Request))
#54 C:\\Users\\CarlosNeto\\Documents\\multi-stack\\adote-um-pet\\public\\index.php(52): Illuminate\\Foundation\\Http\\Kernel->handle(Object(Illuminate\\Http\\Request))
#55 C:\\Users\\CarlosNeto\\Documents\\multi-stack\\adote-um-pet\\vendor\\laravel\\framework\\src\\Illuminate\\Foundation\esources\\server.php(16): require_once('C:\\\\Users\\\\Carlos...')
#56 {main}
"} 
